<?xml version="1.0" encoding="UTF-8" ?>
<testsuite tests="21" failures="0" name="runner.TestRunner" time="0.02" errors="0" skipped="0">
  <properties>
[...]
</properties>
  <testcase classname="Scenario: Register as a authenticated user" name="Given user is on Register Page" time="0.01"/>
  <testcase classname="Scenario: Register as a authenticated user" name="When user navigates to Registration Page" time="0"/>
  <testcase classname="Scenario: Register as a authenticated user" name="And user enters firstName and lastName" time="0"/>
  <testcase classname="Scenario: Register as a authenticated user" name="And user select the country" time="0"/>
  <testcase classname="Scenario: Register as a authenticated user" name="And user enter state, Email address , Password and Repeat password" time="0"/>
  <testcase classname="Scenario: Register as a authenticated user" name="And user clicks on Create an account" time="0"/>
  <testcase classname="Scenario: Register as a authenticated user" name="Then New account is created and user verify account Page" time="0"/>
  <testcase classname="Scenario: Register as a authenticated user" name="Scenario: Register as a authenticated user" time="0.002"/>
  <testcase classname="Scenario: Login as a authenticated user" name="Given user is on Login page" time="0"/>
  <testcase classname="Scenario: Login as a authenticated user" name="When user enters Login ID  and Pasword" time="0"/>
  <testcase classname="Scenario: Login as a authenticated user" name="And user click on sign in button" time="0"/>
  <testcase classname="Scenario: Login as a authenticated user" name="Then Account is Logged in" time="0"/>
  <testcase classname="Scenario: Login as a authenticated user" name="Scenario: Login as a authenticated user" time="0.004"/>
  <testcase classname="Scenario: Add Product to the cart" name="Given user is on Home Page" time="0"/>
  <testcase classname="Scenario: Add Product to the cart" name="When user navigates to required product" time="0.001"/>
  <testcase classname="Scenario: Add Product to the cart" name="And user Click on the required product" time="0"/>
  <testcase classname="Scenario: Add Product to the cart" name="And user click on add to cart" time="0"/>
  <testcase classname="Scenario: Add Product to the cart" name="And user navigate to shoppping cart and Checkout" time="0"/>
  <testcase classname="Scenario: Add Product to the cart" name="And user clicks on Procced to checkout" time="0"/>
  <testcase classname="Scenario: Add Product to the cart" name="Then Order summary page opens up" time="0"/>
  <testcase classname="Scenario: Add Product to the cart" name="Scenario: Add Product to the cart" time="0.003"/>
</testsuite>